00 090 R/S
01 055 STO
02 104 4
03 101 1
04 100 0
05 055 STO
06 106 6
07 056 RCL
08 108 8
09 013 /
10 056 RCL
11 104 4
12 043 10^X
13 010 +
14 063 EXP
15 100 0
16 109 9
17 010 +
18 055 STO
19 107 7
20 052 M*
21 106 6
22 056 RCL
23 106 6
24 011 -
25 056 RCL
26 106 6
27 080 =
28 051 M-
29 107 7
30 056 RCL
31 107 7
32 011 -
33 062 +/-
34 096 SKP
35 056 RCL
36 100 0
37 051 M-
38 109 9
39 056 RCL
40 102 2
41 012 *
42 062 +/-
43 011 -
44 104 4
45 064 X<>Y
46 096 SKP
47 056 RCL
48 100 0
49 051 M-
50 109 9
51 050 M+
52 101 1
53 101 1
54 050 M+
55 102 2
56 056 RCL
57 102 2
58 080 =
59 096 SKP
60 093 GOTO
61 100 0
62 100 0
63 056 RCL
64 101 1
65 090 R/S
66 056 RCL
67 109 9
68 090 R/S
69 099
70 099
71 099
