00 090 R/S
01 055 STO
02 104 4
03 101 1
04 100 0
05 055 STO
06 106 6
07 056 RCL
08 108 8
09 013 /
10 056 RCL
11 104 4
12 043 10^X
13 010 +
14 063 EXP
15 100 0
16 109 9
17 010 +
18 055 STO
19 107 7
20 052 M*
21 106 6
22 056 RCL
23 106 6
24 011 -
25 056 RCL
26 106 6
27 080 =
28 051 M-
29 107 7
30 056 RCL
31 107 7
32 018 X^2
33 062 +/-
34 096 SKP
35 056 RCL
36 100 0
37 051 M-
38 109 9
39 056 RCL
40 107 7
41 011 -
42 056 RCL
43 102 2
44 080 =
45 018 X^2
46 062 +/-
47 096 SKP
48 056 RCL
49 100 0
50 050 M+
51 101 1
52 051 M-
53 109 9
54 101 1
55 050 M+
56 102 2
57 104 4
58 011 -
59 056 RCL
60 102 2
61 080 =
62 096 SKP
63 093 GOTO
64 100 0
65 100 0
66 056 RCL
67 101 1
68 090 R/S
69 056 RCL
70 109 9
71 090 R/S
