00 056 RCL
01 102 2
02 055 STO
03 109 9
04 100 0
05 055 STO
06 104 4
07 103 3
08 055 STO
09 105 5
10 056 RCL
11 109 9
12 013 /
13 056 RCL
14 105 5
15 043 10^X
16 010 +
17 063 EXP
18 109 9
19 011 -
20 063 EXP
21 109 9
22 012 *
23 055 STO
24 106 6
25 056 RCL
26 105 5
27 043 10^X
28 080 =
29 051 M-
30 109 9
31 100 0
32 090 R/S
33 011 -
34 056 RCL
35 106 6
36 080 =
37 018 X^2
38 062 +/-
39 096 SKP
40 056 RCL
41 100 0
42 050 M+
43 104 4
44 101 1
45 051 M-
46 105 5
47 056 RCL
48 105 5
49 096 SKP
50 093 GOTO
51 101 1
52 100 0
53 056 RCL
54 104 4
55 090 R/S
56 093 GOTO
57 100 0
58 100 0
59 099
60 099
61 099
62 099
63 099
64 099
65 099
66 099
67 099
68 099
69 099
70 099
71 099
