00 101 1
01 055 STO
02 100 0
03 100 0
04 055 STO
05 107 7
06 106 6
07 055 STO
08 105 5
09 056 RCL
10 108 8
11 011 -
12 056 RCL
13 105 5
14 043 10^X
15 080 =
16 096 SKP
17 093 GOTO
18 103 3
19 102 2
20 101 1
21 051 M-
22 105 5
23 056 RCL
24 105 5
25 096 SKP
26 093 GOTO
27 100 0
28 109 9
29 056 RCL
30 107 7
31 090 R/S
32 055 STO
33 108 8
34 056 RCL
35 105 5
36 011 -
37 056 RCL
38 104 4
39 080 =
40 018 X^2
41 062 +/-
42 096 SKP
43 056 RCL
44 100 0
45 050 M+
46 107 7
47 093 GOTO
48 100 0
49 109 9
50 099
51 099
52 099
53 099
54 099
55 099
56 099
57 099
58 099
59 099
60 099
61 099
62 099
63 099
64 099
65 099
66 099
67 099
68 099
69 099
70 099
71 099
