00 090 R/S
01 055 STO
02 104 4
03 101 1
04 100 0
05 055 STO
06 106 6
07 056 RCL
08 108 8
09 013 /
10 056 RCL
11 104 4
12 043 10^X
13 010 +
14 063 EXP
15 100 0
16 109 9
17 010 +
18 055 STO
19 107 7
20 052 M*
21 106 6
22 056 RCL
23 106 6
24 011 -
25 056 RCL
26 106 6
27 080 =
28 051 M-
29 107 7
30 056 RCL
31 107 7
32 018 X^2
33 062 +/-
34 096 SKP
35 056 RCL
36 100 0
37 051 M-
38 109 9
39 056 RCL
40 107 7
41 011 -
42 056 RCL
43 102 2
44 080 =
45 018 X^2
46 062 +/-
47 096 SKP
48 056 RCL
49 100 0
50 050 M+
51 101 1
52 101 1
53 050 M+
54 102 2
55 056 RCL
56 102 2
57 011 -
58 105 5
59 080 =
60 096 SKP
61 090 R/S
62 093 GOTO
63 100 0
64 100 0
65 099
66 099
67 099
68 099
69 099
70 099
71 099
