00 090 R/S
01 055 STO
02 104 4
03 056 RCL
04 108 8
05 013 /
06 056 RCL
07 104 4
08 043 10^X
09 010 +
10 063 EXP
11 109 9
12 011 -
13 063 EXP
14 109 9
15 080 =
16 055 STO
17 107 7
18 013 /
19 101 1
20 100 0
21 010 +
22 063 EXP
23 109 9
24 011 -
25 063 EXP
26 109 9
27 080 =
28 012 *
29 101 1
30 100 0
31 080 =
32 051 M-
33 107 7
34 056 RCL
35 107 7
36 018 X^2
37 062 +/-
38 096 SKP
39 056 RCL
40 100 0
41 051 M-
42 109 9
43 056 RCL
44 107 7
45 011 -
46 056 RCL
47 102 2
48 080 =
49 018 X^2
50 062 +/-
51 096 SKP
52 056 RCL
53 100 0
54 050 M+
55 101 1
56 101 1
57 050 M+
58 102 2
59 056 RCL
60 102 2
61 011 -
62 105 5
63 080 =
64 096 SKP
65 090 R/S
66 093 GOTO
67 100 0
68 100 0
69 099
70 099
71 099
