00 100 0
01 055 STO
02 107 7
03 104 4
04 055 STO
05 105 5
06 056 RCL
07 107 7
08 090 R/S
09 062 +/-
10 043 10^X
11 012 *
12 056 RCL
13 105 5
14 080 =
15 050 M+
16 107 7
17 101 1
18 051 M-
19 105 5
20 056 RCL
21 105 5
22 011 -
23 101 1
24 080 =
25 096 SKP
26 093 GOTO
27 100 0
28 106 6
29 056 RCL
30 107 7
31 090 R/S
32 105 5
33 055 STO
34 105 5
35 101 1
36 100 0
37 052 M*
38 107 7
39 056 RCL
40 107 7
41 010 +
42 063 EXP
43 109 9
44 011 -
45 063 EXP
46 109 9
47 011 -
48 051 M-
49 107 7
50 081 (
51 101 1
52 100 0
53 052 M*
54 108 8
55 056 RCL
56 108 8
57 010 +
58 063 EXP
59 109 9
60 011 -
61 063 EXP
62 109 9
63 082 )
64 051 M-
65 108 8
66 080 =
67 090 R/S
68 099
69 099
70 099
71 099
