00 056 RCL
01 108 8
02 013 /
03 056 RCL
04 104 4
05 043 10^X
06 010 +
07 063 EXP
08 109 9
09 011 -
10 063 EXP
11 109 9
12 080 =
13 055 STO
14 107 7
15 013 /
16 101 1
17 100 0
18 010 +
19 063 EXP
20 109 9
21 011 -
22 063 EXP
23 109 9
24 080 =
25 012 *
26 101 1
27 100 0
28 080 =
29 051 M-
30 107 7
31 056 RCL
32 107 7
33 090 R/S
34 099
35 099
36 099
37 099
38 099
39 099
40 099
41 099
42 099
43 099
44 099
45 099
46 099
47 099
48 099
49 099
50 099
51 099
52 099
53 099
54 099
55 099
56 099
57 099
58 099
59 099
60 099
61 099
62 099
63 099
64 099
65 099
66 099
67 099
68 099
69 099
70 099
71 099
