00 090 R/S
01 055 STO
02 104 4
03 101 1
04 100 0
05 055 STO
06 106 6
07 056 RCL
08 108 8
09 013 /
10 056 RCL
11 104 4
12 043 10^X
13 010 +
14 063 EXP
15 100 0
16 109 9
17 010 +
18 055 STO
19 107 7
20 052 M*
21 106 6
22 056 RCL
23 106 6
24 011 -
25 056 RCL
26 106 6
27 080 =
28 051 M-
29 107 7
30 056 RCL
31 107 7
32 080 =
33 011 -
34 062 +/-
35 096 SKP
36 056 RCL
37 100 0
38 051 M-
39 109 9
40 056 RCL
41 102 2
42 012 *
43 011 -
44 062 +/-
45 096 SKP
46 056 RCL
47 100 0
48 051 M-
49 109 9
50 050 M+
51 101 1
52 056 RCL
53 100 0
54 050 M+
55 102 2
56 104 4
57 064 X<>Y
58 056 RCL
59 102 2
60 080 =
61 096 SKP
62 093 GOTO
63 100 0
64 100 0
65 056 RCL
66 101 1
67 090 R/S
68 056 RCL
69 109 9
70 090 R/S
71 099
