00 090 R/S
01 055 STO
02 104 4
03 056 RCL
04 108 8
05 055 STO
06 106 6
07 101 1
08 062 +/-
09 055 STO
10 107 7
11 106 6
12 055 STO
13 105 5
14 093 GOTO
15 103 3
16 102 2
17 055 STO
18 106 6
19 056 RCL
20 105 5
21 011 -
22 056 RCL
23 104 4
24 080 =
25 018 X^2
26 062 +/-
27 096 SKP
28 056 RCL
29 100 0
30 050 M+
31 107 7
32 056 RCL
33 106 6
34 011 -
35 056 RCL
36 105 5
37 043 10^X
38 080 =
39 096 SKP
40 093 GOTO
41 101 1
42 107 7
43 101 1
44 051 M-
45 105 5
46 056 RCL
47 105 5
48 096 SKP
49 093 GOTO
50 103 3
51 102 2
52 056 RCL
53 107 7
54 096 SKP
55 056 RCL
56 100 0
57 050 M+
58 109 9
59 056 RCL
60 107 7
61 011 -
62 056 RCL
63 102 2
64 080 =
65 018 X^2
66 062 +/-
67 096 SKP
68 056 RCL
69 100 0
70 050 M+
71 101 1
