00 056 RCL
01 108 8
02 013 /
03 081 (
04 056 RCL
05 104 4
06 010 +
07 101 1
08 082 )
09 043 10^X
10 010 +
11 063 EXP
12 109 9
13 011 -
14 063 EXP
15 109 9
16 080 =
17 012 *
18 101 1
19 100 0
20 062 +/-
21 010 +
22 081 (
23 056 RCL
24 108 8
25 013 /
26 056 RCL
27 104 4
28 043 10^X
29 010 +
30 063 EXP
31 109 9
32 011 -
33 063 EXP
34 109 9
35 082 )
36 080 =
37 055 STO
38 107 7
39 090 R/S
40 099
41 099
42 099
43 099
44 099
45 099
46 099
47 099
48 099
49 099
50 099
51 099
52 099
53 099
54 099
55 099
56 099
57 099
58 099
59 099
60 099
61 099
62 099
63 099
64 099
65 099
66 099
67 099
68 099
69 099
70 099
71 099
