00 010 +
01 101 1
02 011 -
03 104 4
04 070 .
05 105 5
06 106 6
07 107 7
08 108 8
09 063 EXP
10 104 4
11 062 +/-
12 010 +
13 107 7
14 100 0
15 011 -
16 106 6
17 109 9
18 080 =
19 012 *
20 107 7
21 013 /
22 101 1
23 101 1
24 080 =
25 055 STO
26 101 1
27 056 RCL
28 100 0
29 011 -
30 101 1
31 080 =
32 055 STO
33 100 0
34 096 SKP
35 093 GOTO
36 100 0
37 100 0
38 056 RCL
39 101 1
40 041 LOG
41 020 SIN
42 019 SQRT
43 019 SQRT
44 090 R/S
45 099
46 099
47 099
48 099
49 099
50 099
51 099
52 099
53 099
54 099
55 099
56 099
57 099
58 099
59 099
60 099
61 099
62 099
63 099
64 099
65 099
66 099
67 099
68 099
69 099
70 099
71 099
