00 050 M+
01 104 4
02 056 RCL
03 106 6
04 012 *
05 063 EXP
06 056 RCL
07 105 5
08 080 =
09 051 M-
10 100 0
11 056 RCL
12 107 7
13 012 *
14 063 EXP
15 056 RCL
16 105 5
17 080 =
18 051 M-
19 101 1
20 101 1
21 051 M-
22 105 5
23 096 SKP
24 093 GOTO
25 102 2
26 102 2
27 010 +
28 065 PI
29 014 Y^X
30 065 PI
31 055 STO
32 100 0
33 010 +
34 063 EXP
35 109 9
36 011 -
37 063 EXP
38 109 9
39 011 -
40 056 RCL
41 100 0
42 080 =
43 055 STO
44 100 0
45 012 *
46 104 4
47 043 10^X
48 090 R/S
49 013 /
50 104 4
51 043 10^X
52 093 GOTO
53 100 0
54 100 0
55 062 +/-
56 096 SKP
57 093 GOTO
58 107 7
59 101 1
60 063 EXP
61 056 RCL
62 106 6
63 050 M+
64 102 2
65 063 EXP
66 056 RCL
67 107 7
68 050 M+
69 103 3
70 093 GOTO
71 101 1
