00 090 R/S
01 050 M+
02 101 1
03 018 X^2
04 050 M+
05 102 2
06 101 1
07 050 M+
08 103 3
09 093 GOTO
10 100 0
11 100 0
12 090 R/S
13 056 RCL
14 101 1
15 013 /
16 056 RCL
17 103 3
18 080 =
19 055 STO
20 104 4
21 018 X^2
22 012 *
23 056 RCL
24 103 3
25 011 -
26 056 RCL
27 102 2
28 013 /
29 056 RCL
30 103 3
31 080 =
32 062 +/-
33 055 STO
34 105 5
35 019 SQRT
36 055 STO
37 106 6
38 099
39 099
40 099
41 099
42 099
43 099
44 099
45 099
46 099
47 099
48 099
49 099
50 099
51 099
52 099
53 099
54 099
55 099
56 099
57 099
58 099
59 099
60 099
61 099
62 099
63 099
64 099
65 099
66 099
67 099
68 099
69 099
70 099
71 099
