00 090 R/S
01 012 *
02 090 R/S
03 055 STO
04 100 0
05 080 =
06 055 STO
07 101 1
08 101 1
09 011 -
10 056 RCL
11 100 0
12 012 *
13 056 RCL
14 101 1
15 012 *
16 104 4
17 080 =
18 019 SQRT
19 055 STO
20 100 0
21 010 +
22 056 RCL
23 101 1
24 080 =
25 090 R/S
26 011 -
27 081 (
28 056 RCL
29 101 1
30 012 *
31 102 2
32 082 )
33 080 =
34 062 +/-
35 093 GOTO
36 100 0
37 100 0
38 099
39 099
40 099
41 099
42 099
43 099
44 099
45 099
46 099
47 099
48 099
49 099
50 099
51 099
52 099
53 099
54 099
55 099
56 099
57 099
58 099
59 099
60 099
61 099
62 099
63 099
64 099
65 099
66 099
67 099
68 099
69 099
70 099
71 099
