00 101 1
01 055 STO
02 103 3
03 055 STO
04 106 6
05 090 R/S
06 055 STO
07 100 0
08 090 R/S
09 055 STO
10 101 1
11 011 -
12 056 RCL
13 100 0
14 010 +
15 101 1
16 080 =
17 055 STO
18 109 9
19 056 RCL
20 101 1
21 052 M*
22 103 3
23 011 -
24 101 1
25 080 =
26 055 STO
27 101 1
28 011 -
29 056 RCL
30 109 9
31 080 =
32 096 SKP
33 093 GOTO
34 101 1
35 109 9
36 056 RCL
37 104 4
38 055 STO
39 105 5
40 056 RCL
41 103 3
42 055 STO
43 104 4
44 102 2
45 055 STO
46 109 9
47 056 RCL
48 100 0
49 055 STO
50 101 1
51 101 1
52 055 STO
53 103 3
54 051 M-
55 106 6
56 056 RCL
57 106 6
58 096 SKP
59 093 GOTO
60 101 1
61 109 9
62 056 RCL
63 104 4
64 053 M/
65 105 5
66 056 RCL
67 105 5
68 099
69 099
70 099
71 099
