00 070 .
01 101 1
02 055 STO
03 102 2
04 090 R/S
05 055 STO
06 100 0
07 018 X^2
08 013 /
09 102 2
10 062 +/-
11 080 =
12 042 E^X
13 055 STO
14 101 1
15 056 RCL
16 102 2
17 050 M+
18 100 0
19 056 RCL
20 100 0
21 018 X^2
22 013 /
23 102 2
24 062 +/-
25 080 =
26 042 E^X
27 050 M+
28 103 3
29 011 -
30 056 RCL
31 101 1
32 064 X<>Y
33 055 STO
34 101 1
35 013 /
36 102 2
37 080 =
38 050 M+
39 103 3
40 103 3
41 011 -
42 056 RCL
43 100 0
44 080 =
45 096 SKP
46 093 GOTO
47 101 1
48 105 5
49 065 PI
50 012 *
51 102 2
52 080 =
53 019 SQRT
54 013 /
55 056 RCL
56 103 3
57 013 /
58 056 RCL
59 102 2
60 080 =
61 017 1/X
62 010 +
63 109 9
64 107 7
65 106 6
66 101 1
67 063 EXP
68 107 7
69 062 +/-
70 080 =
71 099
