00 090 R/S
01 018 X^2
02 017 1/X
03 040 LN
04 019 SQRT
05 055 STO
06 106 6
07 055 STO
08 108 8
09 018 X^2
10 055 STO
11 107 7
12 052 M*
13 108 8
14 056 RCL
15 106 6
16 011 -
17 081 (
18 056 RCL
19 100 0
20 010 +
21 081 (
22 056 RCL
23 101 1
24 012 *
25 056 RCL
26 106 6
27 082 )
28 010 +
29 081 (
30 056 RCL
31 102 2
32 012 *
33 056 RCL
34 107 7
35 082 )
36 013 /
37 081 (
38 101 1
39 010 +
40 081 (
41 056 RCL
42 103 3
43 012 *
44 056 RCL
45 106 6
46 082 )
47 010 +
48 081 (
49 056 RCL
50 104 4
51 012 *
52 056 RCL
53 107 7
54 082 )
55 010 +
56 081 (
57 056 RCL
58 105 5
59 012 *
60 056 RCL
61 108 8
62 082 )
63 082 )
64 082 )
65 080 =
66 093 GOTO
67 100 0
68 100 0
69 099
70 099
71 099
