#
# This program calculates the arithmetic mean of ungrouped data.
#
# Set DPS 3. DEG/RAD is arbitrary.
# Use GOTO 0 0.
# Enter each xi and press R/S. The display shows the number of data.
# After the last value, press SKP and then R/S to compute x_bar.
#
00 060 C/CE
01 055 STO
02 100 0
03 055 STO
04 101 1
05 090 R/S
06 050 M+
07 100 0
08 101 1
09 050 M+
10 101 1
11 056 RCL
12 101 1
13 093 GOTO
14 100 0
15 105 5
16 090 R/S
17 056 RCL
18 100 0
19 013 /
20 056 RCL
21 101 1
22 080 =
23 093 GOTO
24 100 0
25 105 5
26 099
27 099
28 099
29 099
30 099
31 099
32 099
33 099
34 099
35 099
36 099
37 099
38 099
39 099
40 099
41 099
42 099
43 099
44 099
45 099
46 099
47 099
48 099
49 099
50 099
51 099
52 099
53 099
54 099
55 099
56 099
57 099
58 099
59 099
60 099
61 099
62 099
63 099
64 099
65 099
66 099
67 099
68 099
69 099
70 099
71 099
