#
# This program fits y = a * e^(b x).
#
# Set PS 5.
# Clear M0 through M5 before use.
# Example:
#   0 STO 0  - sum ln(y) loeschen
#   0 STO 1  - sum x loeschen
#   0 STO 2  - sum x^2 loeschen
#   0 STO 3  - working loeschen
#   0 STO 4  - sum x ln(y) loeschen
#   0 STO 5  - n loeschen
#   GOTO 0 0
#   R/S
#   1 R/S  - y1
#   1 R/S  - x1
#   2 R/S  - y2
#   2 R/S  - x2
#   SKP  - beende Eingabe und berechne Ergebnis(se)
#   SKP
#   R/S
#   -> 0.50000
#   RCL 6
#   -> 0.69315
#
00 090 R/S
01 040 LN
02 050 M+
03 100 0
04 055 STO
05 103 3
06 090 R/S
07 050 M+
08 101 1
09 052 M*
10 103 3
11 018 X^2
12 050 M+
13 102 2
14 056 RCL
15 103 3
16 050 M+
17 104 4
18 101 1
19 050 M+
20 105 5
21 093 GOTO
22 100 0
23 100 0
24 090 R/S
25 056 RCL
26 101 1
27 012 *
28 056 RCL
29 100 0
30 013 /
31 056 RCL
32 105 5
33 011 -
34 056 RCL
35 104 4
36 013 /
37 081 (
38 056 RCL
39 101 1
40 018 X^2
41 013 /
42 056 RCL
43 105 5
44 011 -
45 056 RCL
46 102 2
47 082 )
48 080 =
49 055 STO
50 106 6
51 012 *
52 056 RCL
53 101 1
54 011 -
55 056 RCL
56 100 0
57 013 /
58 056 RCL
59 105 5
60 062 +/-
61 080 =
62 042 E^X
63 055 STO
64 107 7
65 099
66 099
67 099
68 099
69 099
70 099
71 099
