#
# This program calculates covariance Sxy and correlation coefficient r.
#
# Set PS 2.
# Example:
#   GOTO 0 0
#   4 * 6 R/S  - x1 and y1
#   5 * 9 R/S  - x2 and y2
#   1 * 4 R/S  - x3 and y3
#   7 * 3 R/S  - x4 and y4
#   2 * 2 R/S  - x5 and y5
#   SKP  - finish input and continue
#   RCL 3
#   R/S
#   RCL 1
#   R/S
#   -> 2.39  - Sx
#   STO 6
#   RCL 4
#   R/S
#   RCL 2
#   R/S
#   -> 2.77  - Sy
#   STO 7
#   GOTO 4 4
#   R/S
#   -> 1.70  - Sxy
#   R/S
#   -> 0.26  - r
#
00 050 M+
01 102 2
02 018 X^2
03 050 M+
04 104 4
05 019 SQRT
06 064 X<>Y
07 050 M+
08 101 1
09 018 X^2
10 050 M+
11 103 3
12 019 SQRT
13 080 =
14 050 M+
15 100 0
16 101 1
17 050 M+
18 105 5
19 090 R/S
20 093 GOTO
21 100 0
22 100 0
23 090 R/S
24 011 -
25 081 (
26 090 R/S
27 018 X^2
28 013 /
29 056 RCL
30 105 5
31 080 =
32 013 /
33 081 (
34 056 RCL
35 105 5
36 011 -
37 101 1
38 080 =
39 019 SQRT
40 093 GOTO
41 102 2
42 103 3
43 090 R/S
44 056 RCL
45 100 0
46 011 -
47 081 (
48 056 RCL
49 101 1
50 012 *
51 056 RCL
52 102 2
53 013 /
54 056 RCL
55 105 5
56 080 =
57 013 /
58 081 (
59 056 RCL
60 105 5
61 011 -
62 101 1
63 080 =
64 090 R/S
65 013 /
66 056 RCL
67 106 6
68 013 /
69 056 RCL
70 107 7
71 080 =
