#
# This program calculates the permutation nPr.
#
# Set PS 2.
# Example:
#   GOTO 0 0
#   R/S
#   2 R/S  - r
#   5 R/S  - n
#   -> 20.00  - nPr
#
00 101 1
01 055 STO
02 103 3
03 090 R/S
04 055 STO
05 100 0
06 090 R/S
07 055 STO
08 101 1
09 011 -
10 056 RCL
11 100 0
12 010 +
13 101 1
14 080 =
15 055 STO
16 109 9
17 056 RCL
18 101 1
19 052 M*
20 103 3
21 011 -
22 101 1
23 080 =
24 055 STO
25 101 1
26 011 -
27 056 RCL
28 109 9
29 080 =
30 096 SKP
31 093 GOTO
32 101 1
33 107 7
34 056 RCL
35 103 3
36 099
37 099
38 099
39 099
40 099
41 099
42 099
43 099
44 099
45 099
46 099
47 099
48 099
49 099
50 099
51 099
52 099
53 099
54 099
55 099
56 099
57 099
58 099
59 099
60 099
61 099
62 099
63 099
64 099
65 099
66 099
67 099
68 099
69 099
70 099
71 099
