00 090 R/S
01 055 STO
02 100 0
03 012 *
04 102 2
05 013 /
06 090 R/S
07 064 X<>Y
08 080 =
09 055 STO
10 101 1
11 018 X^2
12 011 -
13 081 (
14 090 R/S
15 013 /
16 056 RCL
17 100 0
18 082 )
19 080 =
20 096 SKP
21 093 GOTO
22 102 2
23 108 8
24 019 SQRT
25 093 GOTO
26 100 0
27 100 0
28 019 SQRT
29 055 STO
30 100 0
31 011 -
32 056 RCL
33 101 1
34 080 =
35 090 R/S
36 056 RCL
37 101 1
38 010 +
39 056 RCL
40 100 0
41 080 =
42 062 +/-
43 093 GOTO
44 100 0
45 100 0
46 099
47 099
48 099
49 099
50 099
51 099
52 099
53 099
54 099
55 099
56 099
57 099
58 099
59 099
60 099
61 099
62 099
63 099
64 099
65 099
66 099
67 099
68 099
69 099
70 099
71 099
