00 056 RCL
01 100 0
02 010 +
03 056 RCL
04 102 2
05 080 =
06 090 R/S
07 056 RCL
08 101 1
09 010 +
10 056 RCL
11 103 3
12 080 =
13 090 R/S
14 056 RCL
15 100 0
16 011 -
17 056 RCL
18 102 2
19 080 =
20 090 R/S
21 056 RCL
22 101 1
23 011 -
24 056 RCL
25 103 3
26 080 =
27 090 R/S
28 056 RCL
29 100 0
30 012 *
31 056 RCL
32 102 2
33 011 -
34 081 (
35 056 RCL
36 101 1
37 012 *
38 056 RCL
39 103 3
40 080 =
41 090 R/S
42 056 RCL
43 100 0
44 012 *
45 056 RCL
46 103 3
47 010 +
48 081 (
49 056 RCL
50 101 1
51 012 *
52 056 RCL
53 102 2
54 080 =
55 090 R/S
56 099
57 099
58 099
59 099
60 099
61 099
62 099
63 099
64 099
65 099
66 099
67 099
68 099
69 099
70 099
71 099
