00 090 R/S
01 055 STO
02 103 3
03 010 +
04 063 EXP
05 109 9
06 011 -
07 063 EXP
08 109 9
09 080 =
10 055 STO
11 101 1
12 051 M-
13 103 3
14 090 R/S
15 055 STO
16 100 0
17 056 RCL
18 101 1
19 055 STO
20 102 2
21 013 /
22 056 RCL
23 100 0
24 010 +
25 063 EXP
26 109 9
27 011 -
28 063 EXP
29 109 9
30 080 =
31 055 STO
32 101 1
33 012 *
34 056 RCL
35 100 0
36 011 -
37 056 RCL
38 102 2
39 064 X<>Y
40 080 =
41 090 R/S
42 093 GOTO
43 101 1
44 107 7
45 090 R/S
46 056 RCL
47 100 0
48 052 M*
49 103 3
50 056 RCL
51 103 3
52 010 +
53 063 EXP
54 109 9
55 011 -
56 063 EXP
57 109 9
58 080 =
59 051 M-
60 103 3
61 090 R/S
62 093 GOTO
63 104 4
64 106 6
65 099
66 099
67 099
68 099
69 099
70 099
71 099
