# Mastermind 17
# GUI-Listing fuer den Santron626-Programmbaustein.
# Wie Mastermind 16, aber mit kuerzerer Extraktionsroutine.
# Der geheime Code wird vor dem Start codiert in M8 versteckt.
# Beispiel: 6413 -> 1024030
# Vor dem ersten Start: C/CE STO 1 4 STO 9
# Nach der vierten Guess-Ziffer haelt das Programm an.
# Schwarz bedeutet: richtige Ziffer an richtiger Stelle.
# Weiss bedeutet: richtige Ziffer an falscher Stelle.
# RCL 1 zeigt die schwarzen Treffer an.
# RCL 9 zeigt die weissen Treffer an.
#
# Die Bedienung fuer den naechsten Guess ist wie bei Mastermind 16:
# M1 und M9 werden nicht automatisch zurueckgesetzt.
# Daher vor jedem neuen Guess wieder:
# C/CE STO 1 4 STO 9

00 101 1
01 055 STO
02 100 0
03 055 STO
04 102 2
05 090 R/S
06 055 STO
07 104 4
08 013 /
09 056 RCL
10 108 8
11 064 X<>Y
12 043 10^X
13 010 +
14 109 9
15 063 EXP
16 109 9
17 055 STO
18 104 4
19 010 +
20 055 STO
21 107 7
22 056 RCL
23 104 4
24 011 -
25 056 RCL
26 104 4
27 080 =
28 051 M-
29 107 7
30 056 RCL
31 107 7
32 011 -
33 062 +/-
34 096 SKP
35 056 RCL
36 100 0
37 051 M-
38 109 9
39 056 RCL
40 102 2
41 012 *
42 062 +/-
43 011 -
44 104 4
45 064 X<>Y
46 096 SKP
47 056 RCL
48 100 0
49 051 M-
50 109 9
51 050 M+
52 101 1
53 101 1
54 050 M+
55 102 2
56 056 RCL
57 102 2
58 080 =
59 096 SKP
60 093 GOTO
61 100 0
62 105 5
63 090 R/S
64 093 GOTO
65 100 0
66 100 0
67 099
68 099
69 099
70 099
71 099
