00   55  STO
01  101  1
02   55  STO
03  100  0
04   11  -
05  105  3
06   10  +
07   96  SKIP
08   93  GOTO
09  101  1
10  108  8
11  106  4
12   80  =
13   52  M*
14  101  1
15   93  GOTO
16  100  0
17  102  2
18  105  3
19   80  =
20   17  1/x
21   42  ex
22   11  -
23   64  x-y
24   17  1/x
25   13  /
26  102  2
27   12  *
28   56  RCL
29  100  0
30   10  +
31   81  (
32   56  RCL
33  100  0
34   18  x2
35   18  x2
36   17  1/x
37   13  /
38   56  RCL
39  100  0
40   18  x2
41   13  /
42  108  8
43  101  1
44  100  0
45   80  =
46   82  )
47   19  sqrt
48   12  *
49   56  RCL
50  100  0
51   13  /
52  101  1
53   42  ex
54   14  yx
55   56  RCL
56  100  0
57   12  *
58   81  (
59  102  2
60   12  *
61   65  pi
62   12  *
63   56  RCL
64  100  0
65   82  )
66   19  sqrt
67   13  /
68   56  RCL
69  101  1
70   80  =
