#
# This program calculates inverse hyperbolic functions sinh^-1, cosh^-1,
# and tanh^-1.
#
# Set PS 4.
# Use GOTO 0 0, GOTO 2 0, or GOTO 4 0.
# Enter x and press R/S.
# Example:
#   GOTO 0 0, 0.5 R/S -> 0.4812
#   GOTO 2 0, 5 R/S -> 2.2924
#   GOTO 4 0, 0.5 R/S -> 0.5493
#
00 055 STO
01 100 0
02 018 X^2
03 010 +
04 101 1
05 080 =
06 019 SQRT
07 010 +
08 056 RCL
09 100 0
10 080 =
11 040 LN
12 090 R/S
13 099
14 099
15 099
16 099
17 099
18 099
19 099
20 055 STO
21 100 0
22 018 X^2
23 011 -
24 101 1
25 080 =
26 019 SQRT
27 010 +
28 056 RCL
29 100 0
30 080 =
31 040 LN
32 090 R/S
33 099
34 099
35 099
36 099
37 099
38 099
39 099
40 055 STO
41 100 0
42 010 +
43 101 1
44 013 /
45 081 (
46 101 1
47 011 -
48 056 RCL
49 100 0
50 080 =
51 019 SQRT
52 040 LN
53 090 R/S
54 099
55 099
56 099
57 099
58 099
59 099
60 099
61 099
62 099
63 099
64 099
65 099
66 099
67 099
68 099
69 099
70 099
71 099
