#
# This program calculates the angle between two straight lines
# y1 = m1 x + b1 and y2 = m2 x + b2.
#
# Set DEG mode and DPS 3.
# Use GOTO 0 0 for the angle result.
# Enter m1 and m2, then press R/S at each stop.
# Example:
#   For y1 = 0.5 x + 2 and y2 = -x + 5:
#   GOTO 0 0, 0.5 R/S, +/- 1 R/S -> 71.565
#
00 055 STO
01 100 0
02 011 -
03 090 R/S
04 055 STO
05 101 1
06 013 /
07 081 (
08 101 1
09 010 +
10 081 (
11 056 RCL
12 100 0
13 012 *
14 056 RCL
15 101 1
16 080 =
17 032 ATAN
18 090 R/S
19 099
20 099
21 099
22 099
23 099
24 099
25 099
26 099
27 099
28 099
29 099
30 099
31 099
32 099
33 099
34 099
35 099
36 099
37 099
38 099
39 099
40 099
41 099
42 099
43 099
44 099
45 099
46 099
47 099
48 099
49 099
50 099
51 099
52 099
53 099
54 099
55 099
56 099
57 099
58 099
59 099
60 099
61 099
62 099
63 099
64 099
65 099
66 099
67 099
68 099
69 099
70 099
71 099
