#
# This program translates the origin to O'(x0, y0) and rotates the axes by
# theta to compute x' and y' for a point P.
#
# Set PS 3.
# Set DG/RD to DG.
# Example:
#   2 STO 0  - x0
#   1 STO 1  - y0
#   45 STO 2  - theta
#   GOTO 0 0
#   4 R/S  - x
#   3 R/S  - y
#   -> 2.828
#   R/S
#   -> 0.000
#
00 055 STO
01 105 5
02 011 -
03 056 RCL
04 100 0
05 012 *
06 056 RCL
07 102 2
08 021 COS
09 055 STO
10 103 3
11 010 +
12 081 (
13 081 (
14 090 R/S
15 055 STO
16 106 6
17 011 -
18 056 RCL
19 101 1
20 082 )
21 012 *
22 056 RCL
23 102 2
24 020 SIN
25 055 STO
26 104 4
27 080 =
28 090 R/S
29 056 RCL
30 105 5
31 011 -
32 056 RCL
33 100 0
34 012 *
35 056 RCL
36 104 4
37 062 +/-
38 010 +
39 081 (
40 081 (
41 056 RCL
42 106 6
43 011 -
44 056 RCL
45 101 1
46 082 )
47 012 *
48 056 RCL
49 103 3
50 080 =
51 090 R/S
52 099
53 099
54 099
55 099
56 099
57 099
58 099
59 099
60 099
61 099
62 099
63 099
64 099
65 099
66 099
67 099
68 099
69 099
70 099
71 099
