#
# This program solves a system of two equations in two unknowns.
#
# Set PS 2.
# Enter a1, b1, c1, a2, b2, and c2 in memory first.
# Use GOTO 0 0 and then press R/S twice to display x1 and x2.
# Example:
#   1 STO 0, 1 +/- STO 1, 1 +/- STO 2, 1 STO 3, 1 STO 4, 3 STO 5
#   GOTO 0 0, R/S -> 1.00
#   R/S -> 2.00
#
00 056 RCL
01 101 1
02 012 *
03 056 RCL
04 105 5
05 011 -
06 081 (
07 056 RCL
08 104 4
09 012 *
10 056 RCL
11 102 2
12 082 )
13 013 /
14 081 (
15 056 RCL
16 103 3
17 012 *
18 056 RCL
19 101 1
20 011 -
21 081 (
22 056 RCL
23 100 0
24 012 *
25 056 RCL
26 104 4
27 080 =
28 055 STO
29 106 6
30 090 R/S
31 056 RCL
32 102 2
33 011 -
34 081 (
35 056 RCL
36 100 0
37 012 *
38 056 RCL
39 106 6
40 082 )
41 013 /
42 056 RCL
43 101 1
44 080 =
45 090 R/S
46 099
47 099
48 099
49 099
50 099
51 099
52 099
53 099
54 099
55 099
56 099
57 099
58 099
59 099
60 099
61 099
62 099
63 099
64 099
65 099
66 099
67 099
68 099
69 099
70 099
71 099
