00 056 RCL
01 103 3
02 012 *
03 056 RCL
04 100 0
05 011 -
06 081 (
07 056 RCL
08 101 1
09 012 *
10 056 RCL
11 102 2
12 080 =
13 055 STO
14 104 4
15 090 R/S
16 056 RCL
17 103 3
18 013 /
19 056 RCL
20 104 4
21 080 =
22 090 R/S
23 056 RCL
24 101 1
25 013 /
26 056 RCL
27 104 4
28 080 =
29 062 +/-
30 090 R/S
31 056 RCL
32 102 2
33 013 /
34 056 RCL
35 104 4
36 080 =
37 062 +/-
38 090 R/S
39 056 RCL
40 100 0
41 013 /
42 056 RCL
43 104 4
44 080 =
45 090 R/S
46 099
47 099
48 099
49 099
50 099
51 099
52 099
53 099
54 099
55 099
56 099
57 099
58 099
59 099
60 099
61 099
62 099
63 099
64 099
65 099
66 099
67 099
68 099
69 099
70 099
71 099
