00 090 R/S
01 013 /
02 103 3
03 080 =
04 055 STO
05 100 0
06 012 *
07 090 R/S
08 080 =
09 055 STO
10 101 1
11 090 R/S
12 012 *
13 056 RCL
14 100 0
15 080 =
16 050 M+
17 101 1
18 090 R/S
19 012 *
20 056 RCL
21 100 0
22 012 *
23 104 4
24 080 =
25 050 M+
26 101 1
27 090 R/S
28 012 *
29 056 RCL
30 100 0
31 012 *
32 102 2
33 080 =
34 050 M+
35 101 1
36 093 GOTO
37 101 1
38 108 8
39 099
40 099
41 099
42 099
43 099
44 099
45 099
46 099
47 099
48 099
49 099
50 099
51 099
52 099
53 099
54 099
55 099
56 099
57 099
58 099
59 099
60 099
61 099
62 099
63 099
64 099
65 099
66 099
67 099
68 099
69 099
70 099
71 099
