#
# This program numerically solves a first-order differential equation.
#
# Set PS 7.
# Use GOTO 0 0, press R/S, enter h, x0, and y0, each followed by R/S.
# Each further R/S advances one step and displays the next y value.
# Example:
#   GOTO 0 0, R/S, 0.01 R/S, 0 R/S, 1 R/S -> 1.0100500
#   R/S -> 1.0202010
#
00 090 R/S
01 055 STO
02 100 0
03 090 R/S
04 055 STO
05 101 1
06 055 STO
07 104 4
08 090 R/S
09 055 STO
10 102 2
11 055 STO
12 105 5
13 060 C/CE
14 055 STO
15 103 3
16 056 RCL
17 102 2
18 099
19 099
20 099
21 099
22 099
23 099
24 099
25 099
26 099
27 012 *
28 056 RCL
29 100 0
30 080 =
31 050 M+
32 103 3
33 056 RCL
34 104 4
35 011 -
36 056 RCL
37 101 1
38 080 =
39 096 SKP
40 093 GOTO
41 106 6
42 101 1
43 051 M-
44 104 4
45 056 RCL
46 103 3
47 013 /
48 102 2
49 010 +
50 056 RCL
51 105 5
52 080 =
53 090 R/S
54 055 STO
55 102 2
56 055 STO
57 105 5
58 093 GOTO
59 101 1
60 103 3
61 056 RCL
62 100 0
63 050 M+
64 101 1
65 056 RCL
66 103 3
67 050 M+
68 102 2
69 093 GOTO
70 101 1
71 106 6
