00 012 *
01 056 RCL
02 100 0
03 010 +
04 090 R/S
05 080 =
06 093 GOTO
07 100 0
08 100 0
09 099
10 099
11 099
12 099
13 099
14 099
15 099
16 099
17 099
18 099
19 099
20 013 /
21 056 RCL
22 100 0
23 010 +
24 090 R/S
25 080 =
26 093 GOTO
27 102 2
28 100 0
29 099
30 099
31 099
32 099
33 099
34 099
35 099
36 099
37 099
38 099
39 099
40 099
41 099
42 099
43 099
44 099
45 099
46 099
47 099
48 099
49 099
50 099
51 099
52 099
53 099
54 099
55 099
56 099
57 099
58 099
59 099
60 099
61 099
62 099
63 099
64 099
65 099
66 099
67 099
68 099
69 099
70 099
71 099
