# This program calculates uniformly distributed pseudo random numbers U[i]
# in the range 0 <= U[i] <= 1.
#
# U[i] = fractional part of (PI + U[i-1])^5
#
# Set PS 4.
# Example:
#   GOTO 0 1
#   0.1200 R/S  - Startwert U[0]
#   -> 0.1039
#   R/S
#   -> 0.0677
#   R/S
#   -> 0.4676
#
00 090 R/S
01 010 +
02 065 PI
03 014 Y^X
04 105 5
05 080 =
06 055 STO
07 100 0
08 010 +
09 063 EXP
10 109 9
11 011 -
12 063 EXP
13 109 9
14 011 -
15 056 RCL
16 100 0
17 064 X<>Y
18 080 =
19 093 GOTO
20 100 0
21 100 0
22 099
23 099
24 099
25 099
26 099
27 099
28 099
29 099
30 099
31 099
32 099
33 099
34 099
35 099
36 099
37 099
38 099
39 099
40 099
41 099
42 099
43 099
44 099
45 099
46 099
47 099
48 099
49 099
50 099
51 099
52 099
53 099
54 099
55 099
56 099
57 099
58 099
59 099
60 099
61 099
62 099
63 099
64 099
65 099
66 099
67 099
68 099
69 099
70 099
71 099
